<?xml version="1.0" encoding="UTF-8"?>
<testng-results skipped="0" failed="0" ignored="0" total="1" passed="1">
  <reporter-output>
  </reporter-output>
  <suite name="Main Test Suite" duration-ms="55802" started-at="2019-09-27T04:36:02Z" finished-at="2019-09-27T04:36:57Z">
    <groups>
    </groups>
    <test name="decathlon" duration-ms="55802" started-at="2019-09-27T04:36:02Z" finished-at="2019-09-27T04:36:57Z">
      <class name="com.qtstage.Utilities.Create_TestNGXML">
        <test-method status="PASS" signature="createXMLfile()[pri:0, instance:com.qtstage.Utilities.Create_TestNGXML@1794d431]" name="createXMLfile" duration-ms="55737" started-at="2019-09-27T10:06:02Z" finished-at="2019-09-27T10:06:57Z">
          <reporter-output>
          </reporter-output>
        </test-method> <!-- createXMLfile -->
      </class> <!-- com.qtstage.Utilities.Create_TestNGXML -->
    </test> <!-- decathlon -->
  </suite> <!-- Main Test Suite -->
</testng-results>
